Added Component: Designator=*(D1A)
Added Component: Designator=C1(CP1.5/3.4)
Add component (AddParameter): Name = "Description 1"; Value = "1000uF/6,3V - 470uF/16V - 330uF - 25V"; VariantName = "[No Variations]"
Add component (AddParameter): Name = "Description 2"; Value = "220uF/35V - 100uF/50V - 63V - 4,7uF/200V"; VariantName = "[No Variations]"
Add component (AddParameter): Name = "Description 3"; Value = "22uF => 33uF100V - 3,3uF => 4,7uF/250V"; VariantName = "[No Variations]"
Add component (AddParameter): Name = "Description 4"; Value = "2,2uF =>3,3uF/350 - 2,2uF/400V - 1uF/450V"; VariantName = "[No Variations]"
Add component (AddParameter): Name = "Value"; Value = "100uF/35V/50V"; VariantName = "[No Variations]"
Added Component: Designator=C2(CP1.5/3.4)
Add component (AddParameter): Name = "Description 1"; Value = "1000uF/6,3V - 470uF/16V - 330uF - 25V"; VariantName = "[No Variations]"
Add component (AddParameter): Name = "Description 2"; Value = "220uF/35V - 100uF/50V - 63V - 4,7uF/200V"; VariantName = "[No Variations]"
Add component (AddParameter): Name = "Description 3"; Value = "22uF => 33uF100V - 3,3uF => 4,7uF/250V"; VariantName = "[No Variations]"
Add component (AddParameter): Name = "Description 4"; Value = "2,2uF =>3,3uF/350 - 2,2uF/400V - 1uF/450V"; VariantName = "[No Variations]"
Add component (AddParameter): Name = "Value"; Value = "100uF/35V/50V"; VariantName = "[No Variations]"
Added Component: Designator=C3(CN2)
Add component (AddParameter): Name = "Value"; Value = "0.1uF"; VariantName = "[No Variations]"
Added Component: Designator=C4(CN2)
Add component (AddParameter): Name = "Value"; Value = "0.1uF"; VariantName = "[No Variations]"
Added Component: Designator=L1(CUON CAM 100uH3A)
Add component (AddParameter): Name = "Chung_Loai"; Value = "C?m"; VariantName = "[No Variations]"
Add component (AddParameter): Name = "Don_Vi"; Value = "Con"; VariantName = "[No Variations]"
Add component (AddParameter): Name = "Ghi_Chu"; Value = ""; VariantName = "[No Variations]"
Add component (AddParameter): Name = "Kieu_Chan"; Value = ""; VariantName = "[No Variations]"
Add component (AddParameter): Name = "Ma_Hang"; Value = "MH002232"; VariantName = "[No Variations]"
Add component (AddParameter): Name = "Ten_Linh_Kien"; Value = "Cu?n C?m 470uH 3A 8x10MM"; VariantName = "[No Variations]"
Added Component: Designator=LED1(LED-3)
Add component (AddParameter): Name = "Value"; Value = "LED 3 ly Single Colour"; VariantName = "[No Variations]"
Added Component: Designator=R1(R1/4W)
Add component (AddParameter): Name = "Value"; Value = "R1/4W - 1K"; VariantName = "[No Variations]"
Added Component: Designator=R2(R1/4W)
Add component (AddParameter): Name = "Value"; Value = "R1/4W - 1K"; VariantName = "[No Variations]"
Added Component: Designator=T1(Bien Tro Vi Chinh Dung)
Add component (AddParameter): Name = "Chung_Loai"; Value = "C?m"; VariantName = "[No Variations]"
Add component (AddParameter): Name = "Don_Vi"; Value = "Con"; VariantName = "[No Variations]"
Add component (AddParameter): Name = "Ghi_Chu"; Value = ""; VariantName = "[No Variations]"
Add component (AddParameter): Name = "Kieu_Chan"; Value = ""; VariantName = "[No Variations]"
Add component (AddParameter): Name = "Ma_Hang"; Value = "MH003232"; VariantName = "[No Variations]"
Add component (AddParameter): Name = "Ten_Linh_Kien"; Value = "Bi?n Tr? VR 103-10K 3296W"; VariantName = "[No Variations]"
Added Component: Designator=(LM2596ADJ)
Add component (AddParameter): Name = "Availability"; Value = "Unavailable"; VariantName = "[No Variations]"
Add component (AddParameter): Name = "MF"; Value = "First Components"; VariantName = "[No Variations]"
Add component (AddParameter): Name = "MP"; Value = "LM2596-ADJ"; VariantName = "[No Variations]"
Add component (AddParameter): Name = "Package"; Value = "None"; VariantName = "[No Variations]"
Add component (AddParameter): Name = "Price"; Value = "None"; VariantName = "[No Variations]"
Add component (AddParameter): Name = "SnapEDA_Link"; Value = "https://www.snapeda.com/parts/LM2596-ADJ/First%20Components/view-part/557542/?ref=snap"; VariantName = "[No Variations]"
Add component (AddParameter): Name = "Value"; Value = ""; VariantName = "[No Variations]"
Added Pin To Net: NetName=GND Pin=-3
Added Pin To Net: NetName=GND Pin=-5
Added Pin To Net: NetName=GND Pin=-6
Added Pin To Net: NetName=GND Pin=*-1
Added Pin To Net: NetName=GND Pin=C1-2
Added Pin To Net: NetName=GND Pin=C2-2
Added Pin To Net: NetName=GND Pin=C3-1
Added Pin To Net: NetName=GND Pin=C4-1
Added Pin To Net: NetName=GND Pin=LED1-2
Added Pin To Net: NetName=GND Pin=R2-1
Added Net: Name=GND
Added Pin To Net: NetName=IN+ Pin=-1
Added Pin To Net: NetName=IN+ Pin=C1-1
Added Pin To Net: NetName=IN+ Pin=C3-2
Added Net: Name=IN+
Added Pin To Net: NetName=Net*_2 Pin=-2
Added Pin To Net: NetName=Net*_2 Pin=*-2
Added Pin To Net: NetName=Net*_2 Pin=L1-1
Added Net: Name=Net*_2
Added Pin To Net: NetName=Net_4 Pin=-4
Added Pin To Net: NetName=Net_4 Pin=R2-2
Added Pin To Net: NetName=Net_4 Pin=T1-1
Added Pin To Net: NetName=Net_4 Pin=T1-2
Added Net: Name=Net_4
Added Pin To Net: NetName=NetLED1_1 Pin=LED1-1
Added Pin To Net: NetName=NetLED1_1 Pin=R1-1
Added Net: Name=NetLED1_1
Added Pin To Net: NetName=OUT+ Pin=C2-1
Added Pin To Net: NetName=OUT+ Pin=C4-2
Added Pin To Net: NetName=OUT+ Pin=L1-2
Added Pin To Net: NetName=OUT+ Pin=R1-2
Added Pin To Net: NetName=OUT+ Pin=T1-3
Added Net: Name=OUT+
Added Room: Name=Sheet1
