Removed Pin From Net: NetName=OUT+ Pin=C2-1
Removed Pin From Net: NetName=GND Pin=C2-2
Removed Pin From Net: NetName=GND Pin=C3-1
Removed Pin From Net: NetName=IN+ Pin=C3-2
Change Component Footprint: Designator=C3 Old Footprint=CN2 New Footprint=CP1.5/3.4
Change Component Comment : Designator=C3 Old Comment=105-1uF New Comment=100uF/50V
Change Component Comment : Designator=C2 Old Comment=220uF/35V New Comment=105-1uF
Change component parameters: Designator = "C2" ("C2"); Footprint = "CP1.5/3.4"; UniqueID = "\IHDTNXSR" ("\IHDTNXSR")
Change component parameters (AddParameter): Name = "Value"; Value = "0.1uF"; VariantName = "[No Variations]"
Change component parameters: Designator = "C3" ("C3"); Footprint = "CN2"; UniqueID = "\VODOVRTN" ("\VODOVRTN")
Change component parameters (AddParameter): Name = "Description 1"; Value = "1000uF/6,3V - 470uF/16V - 330uF - 25V"; VariantName = "[No Variations]"
Change component parameters (AddParameter): Name = "Description 2"; Value = "220uF/35V - 100uF/50V - 63V - 4,7uF/200V"; VariantName = "[No Variations]"
Change component parameters (AddParameter): Name = "Description 3"; Value = "22uF => 33uF100V - 3,3uF => 4,7uF/250V"; VariantName = "[No Variations]"
Change component parameters (AddParameter): Name = "Description 4"; Value = "2,2uF =>3,3uF/350 - 2,2uF/400V - 1uF/450V"; VariantName = "[No Variations]"
Change component parameters (AddParameter): Name = "Value"; Value = "100uF/35V/50V"; VariantName = "[No Variations]"
Added Pin To Net: NetName=GND Pin=C2-1
Added Pin To Net: NetName=IN+ Pin=C2-2
Added Pin To Net: NetName=OUT+ Pin=C3-1
Added Pin To Net: NetName=GND Pin=C3-2
Added Room: Name=Sheet1
